-- 
--  Date      Time   Program        Host                     Job # Message 
----------- -------- -------------- ------------------------ ----- ------------------------
Jul-21-2016 09:42:42 Emclient       DESKTOP-SL82IK9                Emclient started for remote analysis.
Jul-21-2016 09:42:43 Emclient       DESKTOP-SL82IK9                Connected to remote process.
Jul-21-2016 09:42:43 EmServer       DESKTOP-MOCDKPP                Receiving job from client.
Jul-21-2016 09:42:43 Emclient       DESKTOP-SL82IK9                Parsed transfer analyze 'RemoteEm' operation to server '131.215.238.147:56150'.
Jul-21-2016 09:42:43 Emclient       DESKTOP-SL82IK9                Connected to remote process.
Jul-21-2016 09:42:43 Emclient       DESKTOP-SL82IK9                Initial message sent to remote process.
Jul-21-2016 09:42:43 EmServer       DESKTOP-MOCDKPP                Receiving job from client.
Jul-21-2016 09:42:45 EmServer       DESKTOP-MOCDKPP                Project unpacked at emserver.
Jul-21-2016 09:42:45 EmServer       DESKTOP-MOCDKPP                Starting em job at emserver.
Jul-21-2016 09:42:45 EmServer       DESKTOP-MOCDKPP                Project unpacked at emserver.
Jul-21-2016 09:42:45 EmServer       DESKTOP-MOCDKPP                Starting em job at emserver.
Jul-21-2016 09:55:18 EmServer       DESKTOP-MOCDKPP                Job finishing up at emserver.
Jul-21-2016 09:55:18 EmServer       DESKTOP-MOCDKPP                Job finishing up at emserver.
Jul-21-2016 09:55:20 EmServer       DESKTOP-MOCDKPP                Job being packed at emserver.
Jul-21-2016 09:55:20 EmServer       DESKTOP-MOCDKPP                Job being packed at emserver.
Jul-21-2016 09:55:21 EmServer       DESKTOP-MOCDKPP                Sending job to client from emserver.
Jul-21-2016 09:55:21 EmServer       DESKTOP-MOCDKPP                Job finished.
Jul-21-2016 09:55:21 EmServer       DESKTOP-MOCDKPP                Remote analysis completed.
Jul-21-2016 09:55:21 EmServer       DESKTOP-MOCDKPP                Sending job to client from emserver.
Jul-21-2016 09:55:21 EmServer       DESKTOP-MOCDKPP                Job finished.
Jul-21-2016 09:55:21 EmServer       DESKTOP-MOCDKPP                Remote analysis completed.
Jul-21-2016 09:55:24 Emclient       DESKTOP-SL82IK9                Writing files.
Jul-21-2016 09:55:24 Emclient       DESKTOP-SL82IK9                Writing files.
Jul-21-2016 09:55:24 Emclient       DESKTOP-SL82IK9                Remote analysis completed.
