-- 
--  Date      Time   Program        Host                     Job # Message 
----------- -------- -------------- ------------------------ ----- ------------------------
Jul-15-2016 19:11:41 Emclient       DESKTOP-SL82IK9                Emclient started for remote analysis.
Jul-15-2016 19:11:41 Emclient       DESKTOP-SL82IK9                Parsed transfer analyze 'RemoteEm' operation to server '131.215.238.147:56150'.
Jul-15-2016 19:11:41 Emclient       DESKTOP-SL82IK9                Connected to remote process.
Jul-15-2016 19:11:41 Emclient       DESKTOP-SL82IK9                Emclient started for remote analysis.
Jul-15-2016 19:11:41 Emclient       DESKTOP-SL82IK9                Parsed transfer analyze 'RemoteEm' operation to server '131.215.238.147:56150'.
Jul-15-2016 19:11:41 Emclient       DESKTOP-SL82IK9                Connected to remote process.
Jul-15-2016 19:11:42 Emclient       DESKTOP-SL82IK9                Initial message sent to remote process.
Jul-15-2016 19:11:43 EmServer       DESKTOP-MOCDKPP                Receiving job from client.
Jul-15-2016 19:11:43 EmServer       DESKTOP-MOCDKPP                Receiving job from client.
Jul-15-2016 19:11:45 EmServer       DESKTOP-MOCDKPP                Project unpacked at emserver.
Jul-15-2016 19:11:45 EmServer       DESKTOP-MOCDKPP                Starting em job at emserver.
Jul-15-2016 19:11:45 EmServer       DESKTOP-MOCDKPP                Project unpacked at emserver.
Jul-15-2016 19:11:45 EmServer       DESKTOP-MOCDKPP                Starting em job at emserver.
Jul-15-2016 19:31:51 EmServer       DESKTOP-MOCDKPP                Job finishing up at emserver.
Jul-15-2016 19:31:51 EmServer       DESKTOP-MOCDKPP                Job finishing up at emserver.
Jul-15-2016 19:31:53 EmServer       DESKTOP-MOCDKPP                Job being packed at emserver.
Jul-15-2016 19:31:53 EmServer       DESKTOP-MOCDKPP                Job being packed at emserver.
Jul-15-2016 19:31:54 EmServer       DESKTOP-MOCDKPP                Sending job to client from emserver.
Jul-15-2016 19:31:54 EmServer       DESKTOP-MOCDKPP                Job finished.
Jul-15-2016 19:31:54 EmServer       DESKTOP-MOCDKPP                Remote analysis completed.
Jul-15-2016 19:31:54 EmServer       DESKTOP-MOCDKPP                Sending job to client from emserver.
Jul-15-2016 19:31:54 EmServer       DESKTOP-MOCDKPP                Job finished.
Jul-15-2016 19:31:54 EmServer       DESKTOP-MOCDKPP                Remote analysis completed.
Jul-15-2016 19:31:56 Emclient       DESKTOP-SL82IK9                Writing files.
Jul-15-2016 19:31:56 Emclient       DESKTOP-SL82IK9                Remote analysis completed.
