-- 
--  Date      Time   Program        Host                     Job # Message 
----------- -------- -------------- ------------------------ ----- ------------------------
Apr-5-2016 01:55:22 Emclient       DESKTOP-SL82IK9                Emclient started for remote analysis.
Apr-5-2016 01:55:22 Emclient       DESKTOP-SL82IK9                Connected to remote process.
Apr-5-2016 01:55:22 Emclient       DESKTOP-SL82IK9                Parsed transfer analyze 'RemoteEm' operation to server '131.215.238.147:56150'.
Apr-5-2016 01:55:22 Emclient       DESKTOP-SL82IK9                Initial message sent to remote process.
Apr-5-2016 01:55:22 Emclient       DESKTOP-SL82IK9                Connected to remote process.
Apr-5-2016 01:55:22 Emclient       DESKTOP-SL82IK9                Emclient started for remote analysis.
Apr-5-2016 01:55:22 Emclient       DESKTOP-SL82IK9                Parsed transfer analyze 'RemoteEm' operation to server '131.215.238.147:56150'.
Apr-5-2016 01:55:22 Emclient       DESKTOP-SL82IK9                Initial message sent to remote process.
Apr-5-2016 01:55:23 EmServer       DESKTOP-MOCDKPP                Receiving job from client.
Apr-5-2016 01:55:23 EmServer       DESKTOP-MOCDKPP                Receiving job from client.
Apr-5-2016 01:55:25 EmServer       DESKTOP-MOCDKPP                Project unpacked at emserver.
Apr-5-2016 01:55:25 EmServer       DESKTOP-MOCDKPP                Starting em job at emserver.
Apr-5-2016 01:55:25 EmServer       DESKTOP-MOCDKPP                Project unpacked at emserver.
Apr-5-2016 01:55:25 EmServer       DESKTOP-MOCDKPP                Starting em job at emserver.
Apr-5-2016 02:01:25 EmServer       DESKTOP-MOCDKPP                Job finishing up at emserver.
Apr-5-2016 02:01:25 EmServer       DESKTOP-MOCDKPP                Job finishing up at emserver.
Apr-5-2016 02:01:27 EmServer       DESKTOP-MOCDKPP                Job being packed at emserver.
Apr-5-2016 02:01:27 EmServer       DESKTOP-MOCDKPP                Job being packed at emserver.
Apr-5-2016 02:01:28 EmServer       DESKTOP-MOCDKPP                Sending job to client from emserver.
Apr-5-2016 02:01:28 EmServer       DESKTOP-MOCDKPP                Job finished.
Apr-5-2016 02:01:28 EmServer       DESKTOP-MOCDKPP                Remote analysis completed.
Apr-5-2016 02:01:28 EmServer       DESKTOP-MOCDKPP                Sending job to client from emserver.
Apr-5-2016 02:01:28 EmServer       DESKTOP-MOCDKPP                Job finished.
Apr-5-2016 02:01:28 EmServer       DESKTOP-MOCDKPP                Remote analysis completed.
Apr-5-2016 02:01:30 Emclient       DESKTOP-SL82IK9                Writing files.
Apr-5-2016 02:01:30 Emclient       DESKTOP-SL82IK9                Writing files.
Apr-5-2016 02:01:30 Emclient       DESKTOP-SL82IK9                Remote analysis completed.
