Run 1:  Tue Apr 05 03:10:49 2016.  calt2.2.43068.
        Em version 16.52 (64-bit Windows) on DESKTOP-MOCDKPP remote.

  Project:  C:\Users\Michael\Dropbox\GitHub\PainterQubits\devMichael\AutoCAD\gdspy\2016Mar29_Resonators_Masked_R5.son.

    Frequency:  5.9 GHZ
      Subsectioning at 6.2 GHz with Eeff of 6.45.
      Subsectioning time:  5 seconds.
      De-embedding information for 2016Mar29_Resonators_Masked_R5_top box wall port(s):
        2016Mar29_Resonators_Masked_R5_top SOC Electric Wall: 498 microns length, 554 subsections, 21 MB.
        2016Mar29_Resonators_Masked_R5_top SOC Magnetic Wall: 996 microns length, 533 subsections, 20 MB.
      De-embedding information for 2016Mar29_Resonators_Masked_R5_bottom box wall port(s):
        2016Mar29_Resonators_Masked_R5_bottom SOC Electric Wall: 498 microns length, 554 subsections, 21 MB.
        2016Mar29_Resonators_Masked_R5_bottom SOC Magnetic Wall: 996 microns length, 533 subsections, 20 MB.
      Em license feature:  emhighperformance.
      Circuit requires 21460 subsections and 3598 MB of memory.

      Subsections by level and type:
      Level 0:
        Staircase:  21,460

      Required memory by type:
        System matrix:            3,514 MB
        Elemental subsections:
          Primary structure:      23 MB
          2016Mar29_Res standard: 26 MB
          2016Mar29_Res standard: 26 MB
        Fourier transform:        4 MB
        Waveguide mode:           2 MB
        Adaptive band synthesis:  2 MB
        Miscellaneous:            1 MB
        TOTAL REQUIRED MEMORY:    3,598 MB

      Matrix solver:  internal 64-bit SSE with loss.
      Simulation mode:  remote em transfer.
      Threads:  using 12 thread(s), 12 core(s) available.
      Waveguide mode time:  0.050 seconds.
      Fourier transform time:  0.154 seconds.
      Coupling time:  1 minute 12 seconds.
      Loss time:  0 seconds.
      Matrix fill time:  1 minute 12 seconds.
      Matrix solve time:  3 minutes 42 seconds.
      De-embedding time for 2016Mar29_Resonators_Masked_R5_top box wall:
        SOC Electric Wall Std: 1 second.
        SOC Magnetic Wall Std: 1 second.
        Total:                 2 seconds.
      Total time per frequency:  5 minutes.

    Frequency:  6.2 GHZ
      Total time per frequency:  4 minutes 58 seconds.
      ABS: SNR = 33.228 dB (120 dB Goal) for S1_2 at 5.966 GHz.
      ABS: Time = 0.140 seconds.

    Frequency:  5.966 GHZ
      Total time per frequency:  4 minutes 59 seconds.
      ABS: SNR = 128.988 dB (120 dB Goal) for S1_2 at 5.965 GHz.
      ABS: Time = 0.174 seconds.

      ABS: Detected 1 resonance(s) on iteration 1:
        Resonance 1:  FreqMin = 5.911  FreqCenter = 5.965  FreqMax = 6.02 GHz

      ABS: Detected 1 resonance(s) on iteration 2:
        Resonance 1:  FreqMin = 5.91136120401338  FreqCenter = 5.96555183946488  FreqMax = 6.01981605351179 GHz

      ABS: Detected 1 resonance(s) on iteration 3:
        Resonance 1:  FreqMin = 5.911  FreqCenter = 5.96550522525984  FreqMax = 6.02 GHz

      ABS: Detected 1 resonance(s) on iteration 4:
        Resonance 1:  FreqMin = 5.911  FreqCenter = 5.96548821102667  FreqMax = 6.02 GHz

    Frequency:  5.96548821102667 GHZ
      Total time per frequency:  5 minutes 1 second.
      ABS: SNR = 41.5842 dB (50 dB Goal) for S1_1 at 5.96557 GHz.
      ABS: Time = 0.537 seconds.

      ABS: Detected 1 resonance(s) on iteration 5:
        Resonance 1:  FreqMin = 5.911  FreqCenter = 5.96548821102667  FreqMax = 6.02 GHz

      ABS: Detected 1 resonance(s) on iteration 6:
        Resonance 1:  FreqMin = 5.911  FreqCenter = 5.96548568221395  FreqMax = 6.02 GHz

    Post-Analysis:
      Total time for 4 frequencies:  20 minutes 6 seconds.

Analysis completed Tue Apr 05 03:30:55 2016.
