Run 1:  Tue Apr 05 01:33:31 2016.  calt2.2.43068.
        Em version 16.52 (64-bit Windows) on DESKTOP-MOCDKPP remote.

  Project:  C:\Users\Michael\Dropbox\GitHub\PainterQubits\devMichael\AutoCAD\gdspy\2016Mar29_Resonators_Masked_R8.son.

    Frequency:  5.9 GHZ
      Frequency completed Tue Apr 05 01:34:34 2016.
      De-embedded S-Parameters. 50.0 Ohm Port Terminations.
      Magnitude/Angle. Touchstone Format. (S11 S21 S12 S22).
        5.90000000 0.015813 69.627 0.999874 -20.35 0.999874 -20.35 0.015813 69.670
        !< P1 F=5.9 Eeff=(6.4497525 -2.9747e-5) Z0=(52.3272848 1.20685e-4) R=0.05432055 C=0.00229034 
        !< P2 F=5.9 Eeff=(6.4497525 -2.9747e-5) Z0=(52.3272848 1.20685e-4) R=0.05432055 C=0.00229034 

    Frequency:  6.2 GHZ
      Frequency completed Tue Apr 05 01:35:34 2016.
      De-embedded S-Parameters. 50.0 Ohm Port Terminations.
      Magnitude/Angle. Touchstone Format. (S11 S21 S12 S22).
        6.20000000 0.016621 68.564 0.999861 -21.39 0.999861 -21.39 0.016621 68.670
        !< P1 F=6.2 Eeff=(6.44971643 -2.9746e-5) Z0=(52.3270981 1.20686e-4) R=0.05169596 C=0.00229034 
        !< P2 F=6.2 Eeff=(6.44971643 -2.9746e-5) Z0=(52.3270981 1.20686e-4) R=0.05169596 C=0.00229034 

    Frequency:  6.011 GHZ
      Frequency completed Tue Apr 05 01:36:35 2016.
      De-embedded S-Parameters. 50.0 Ohm Port Terminations.
      Magnitude/Angle. Touchstone Format. (S11 S21 S12 S22).
        6.01100000 0.018210 68.256 0.999815 -20.61 0.999815 -20.61 0.018204 70.638
        !< P1 F=6.011 Eeff=(6.44973935 -2.9747e-5) Z0=(52.3272168 1.20686e-4) R=0.0533122 C=0.00229034 
        !< P2 F=6.011 Eeff=(6.44973935 -2.9747e-5) Z0=(52.3272168 1.20686e-4) R=0.0533122 C=0.00229034 

    Frequency:  6.009 GHZ
      Frequency completed Tue Apr 05 01:37:36 2016.
      De-embedded S-Parameters. 50.0 Ohm Port Terminations.
      Magnitude/Angle. Touchstone Format. (S11 S21 S12 S22).
        6.00900000 0.009105 78.180 0.999734 -21.15 0.999734 -21.15 0.008967 62.249
        !< P1 F=6.009 Eeff=(6.44973959 -2.9747e-5) Z0=(52.327218 1.20686e-4) R=0.05333169 C=0.00229034 
        !< P2 F=6.009 Eeff=(6.44973959 -2.9747e-5) Z0=(52.327218 1.20686e-4) R=0.05333169 C=0.00229034 

    Frequency:  6.00945150501672 GHZ
      Frequency completed Tue Apr 05 01:38:39 2016.
      De-embedded S-Parameters. 50.0 Ohm Port Terminations.
      Magnitude/Angle. Touchstone Format. (S11 S21 S12 S22).
        6.00945151 0.194083 137.74 0.812295 -19.11 0.812295 -19.11 0.189673 157.43
        !< P1 F=6.00945151 Eeff=(6.44973953 -2.9746e-5) Z0=(52.3272177 1.20685e-4) R=0.05333301 C=0.00229034 
        !< P2 F=6.00945151 Eeff=(6.44973953 -2.9746e-5) Z0=(52.3272177 1.20685e-4) R=0.05333301 C=0.00229034 

Analysis completed Tue Apr 05 01:38:41 2016.
