Run 1:  Tue Apr 05 02:52:30 2016.  calt2.2.43068.
        Em version 16.52 (64-bit Windows) on DESKTOP-MOCDKPP remote.

  Project:  C:\Users\Michael\Dropbox\GitHub\PainterQubits\devMichael\AutoCAD\gdspy\2016Mar29_Resonators_Masked_R6.son.

    Frequency:  5.8 GHZ
      Frequency completed Tue Apr 05 02:55:17 2016.
      De-embedded S-Parameters. 50.0 Ohm Port Terminations.
      Magnitude/Angle. Touchstone Format. (S11 S21 S12 S22).
        5.80000000 0.025713 72.246 0.999669 -17.76 0.999669 -17.76 0.025713 72.241
        !< P1 F=5.8 Eeff=(6.44975637 -2.9747e-5) Z0=(54.3659401 1.25386e-4) R=0.05607748 C=0.00225696 
        !< P2 F=5.8 Eeff=(6.44975637 -2.9747e-5) Z0=(54.3659401 1.25386e-4) R=0.05607748 C=0.00225696 

    Frequency:  6 GHZ
      Frequency completed Tue Apr 05 02:57:59 2016.
      De-embedded S-Parameters. 50.0 Ohm Port Terminations.
      Magnitude/Angle. Touchstone Format. (S11 S21 S12 S22).
        6.00000000 0.026677 71.598 0.999643 -18.36 0.999643 -18.36 0.026677 71.677
        !< P1 F=6.0 Eeff=(6.44973304 -2.9747e-5) Z0=(54.3658163 1.25386e-4) R=0.05421255 C=0.00225696 
        !< P2 F=6.0 Eeff=(6.44973304 -2.9747e-5) Z0=(54.3658163 1.25386e-4) R=0.05421255 C=0.00225696 

    Frequency:  5.884 GHZ
      Frequency completed Tue Apr 05 03:00:41 2016.
      De-embedded S-Parameters. 50.0 Ohm Port Terminations.
      Magnitude/Angle. Touchstone Format. (S11 S21 S12 S22).
        5.88400000 0.071806 72.650 0.992061 -15.41 0.992061 -15.41 0.071142 85.177
        !< P1 F=5.884 Eeff=(6.44974669 -2.9747e-5) Z0=(54.3658887 1.25386e-4) R=0.05527594 C=0.00225696 
        !< P2 F=5.884 Eeff=(6.44974669 -2.9747e-5) Z0=(54.3658887 1.25386e-4) R=0.05527594 C=0.00225696 

    Frequency:  5.88388667654145 GHZ
      Frequency completed Tue Apr 05 03:03:24 2016.
      De-embedded S-Parameters. 50.0 Ohm Port Terminations.
      Magnitude/Angle. Touchstone Format. (S11 S21 S12 S22).
        5.88388668 0.287029 144.22 0.718743 -16.88 0.718743 -16.88 0.280742 163.57
        !< P1 F=5.88388668 Eeff=(6.44974677 -2.9747e-5) Z0=(54.3658891 1.25386e-4) R=0.05527886 C=0.00225696 
        !< P2 F=5.88388668 Eeff=(6.44974677 -2.9747e-5) Z0=(54.3658891 1.25386e-4) R=0.05527886 C=0.00225696 

Analysis completed Tue Apr 05 03:03:25 2016.
