-- 
--  Date      Time   Program        Host                     Job # Message 
----------- -------- -------------- ------------------------ ----- ------------------------
Apr-5-2016 03:37:14 Emclient       DESKTOP-SL82IK9                Connected to remote process.
Apr-5-2016 03:37:14 Emclient       DESKTOP-SL82IK9                Emclient started for remote analysis.
Apr-5-2016 03:37:14 Emclient       DESKTOP-SL82IK9                Parsed transfer analyze 'RemoteEm' operation to server '131.215.238.147:56150'.
Apr-5-2016 03:37:14 Emclient       DESKTOP-SL82IK9                Initial message sent to remote process.
Apr-5-2016 03:37:14 Emclient       DESKTOP-SL82IK9                Connected to remote process.
Apr-5-2016 03:37:14 Emclient       DESKTOP-SL82IK9                Emclient started for remote analysis.
Apr-5-2016 03:37:14 Emclient       DESKTOP-SL82IK9                Parsed transfer analyze 'RemoteEm' operation to server '131.215.238.147:56150'.
Apr-5-2016 03:37:14 Emclient       DESKTOP-SL82IK9                Initial message sent to remote process.
Apr-5-2016 03:37:15 EmServer       DESKTOP-MOCDKPP                Receiving job from client.
Apr-5-2016 03:37:15 EmServer       DESKTOP-MOCDKPP                Receiving job from client.
Apr-5-2016 03:37:17 EmServer       DESKTOP-MOCDKPP                Project unpacked at emserver.
Apr-5-2016 03:37:17 EmServer       DESKTOP-MOCDKPP                Starting em job at emserver.
Apr-5-2016 03:37:17 EmServer       DESKTOP-MOCDKPP                Project unpacked at emserver.
Apr-5-2016 03:37:17 EmServer       DESKTOP-MOCDKPP                Starting em job at emserver.
Apr-5-2016 03:57:56 EmServer       DESKTOP-MOCDKPP                Job finishing up at emserver.
Apr-5-2016 03:57:56 EmServer       DESKTOP-MOCDKPP                Job finishing up at emserver.
Apr-5-2016 03:57:58 EmServer       DESKTOP-MOCDKPP                Job being packed at emserver.
Apr-5-2016 03:57:58 EmServer       DESKTOP-MOCDKPP                Job being packed at emserver.
Apr-5-2016 03:57:59 EmServer       DESKTOP-MOCDKPP                Sending job to client from emserver.
Apr-5-2016 03:57:59 EmServer       DESKTOP-MOCDKPP                Job finished.
Apr-5-2016 03:57:59 EmServer       DESKTOP-MOCDKPP                Remote analysis completed.
Apr-5-2016 03:57:59 EmServer       DESKTOP-MOCDKPP                Sending job to client from emserver.
Apr-5-2016 03:57:59 EmServer       DESKTOP-MOCDKPP                Job finished.
Apr-5-2016 03:57:59 EmServer       DESKTOP-MOCDKPP                Remote analysis completed.
Apr-5-2016 03:58:02 Emclient       DESKTOP-SL82IK9                Writing files.
Apr-5-2016 03:58:02 Emclient       DESKTOP-SL82IK9                Writing files.
Apr-5-2016 03:58:02 Emclient       DESKTOP-SL82IK9                Remote analysis completed.
