-- 
--  Date      Time   Program        Host                     Job # Message 
----------- -------- -------------- ------------------------ ----- ------------------------
Jul-18-2016 15:04:58 Emclient       DESKTOP-SL82IK9                Emclient started for remote analysis.
Jul-18-2016 15:04:59 EmServer       DESKTOP-MOCDKPP                Receiving job from client.
Jul-18-2016 15:04:59 Emclient       DESKTOP-SL82IK9                Connected to remote process.
Jul-18-2016 15:04:59 Emclient       DESKTOP-SL82IK9                Initial message sent to remote process.
Jul-18-2016 15:04:59 Emclient       DESKTOP-SL82IK9                Parsed transfer analyze 'RemoteEm' operation to server '131.215.238.147:56150'.
Jul-18-2016 15:04:59 EmServer       DESKTOP-MOCDKPP                Receiving job from client.
Jul-18-2016 15:05:02 EmServer       DESKTOP-MOCDKPP                Project unpacked at emserver.
Jul-18-2016 15:05:02 EmServer       DESKTOP-MOCDKPP                Starting em job at emserver.
Jul-18-2016 15:05:02 EmServer       DESKTOP-MOCDKPP                Project unpacked at emserver.
Jul-18-2016 15:05:02 EmServer       DESKTOP-MOCDKPP                Starting em job at emserver.
Jul-18-2016 15:18:35 EmServer       DESKTOP-MOCDKPP                Job finishing up at emserver.
Jul-18-2016 15:18:35 EmServer       DESKTOP-MOCDKPP                Job finishing up at emserver.
Jul-18-2016 15:18:37 EmServer       DESKTOP-MOCDKPP                Job being packed at emserver.
Jul-18-2016 15:18:37 EmServer       DESKTOP-MOCDKPP                Job being packed at emserver.
Jul-18-2016 15:18:38 EmServer       DESKTOP-MOCDKPP                Sending job to client from emserver.
Jul-18-2016 15:18:38 EmServer       DESKTOP-MOCDKPP                Job finished.
Jul-18-2016 15:18:38 EmServer       DESKTOP-MOCDKPP                Remote analysis completed.
Jul-18-2016 15:18:38 EmServer       DESKTOP-MOCDKPP                Sending job to client from emserver.
Jul-18-2016 15:18:38 EmServer       DESKTOP-MOCDKPP                Job finished.
Jul-18-2016 15:18:38 EmServer       DESKTOP-MOCDKPP                Remote analysis completed.
Jul-18-2016 15:18:40 Emclient       DESKTOP-SL82IK9                Writing files.
Jul-18-2016 15:18:40 Emclient       DESKTOP-SL82IK9                Remote analysis completed.
